This is pdfTeX, Version 3.14159265-2.6-1.40.15 (TeX Live 2014) (preloaded format=pdflatex 2014.5.25)  9 SEP 2015 21:07
entering extended mode
 restricted \write18 enabled.
 %&-line parsing enabled.
**Assignment1_Anirudh_Narasimhamurthy_u0941400.tex
(./Assignment1_Anirudh_Narasimhamurthy_u0941400.tex
LaTeX2e <2014/05/01>
Babel <3.9k> and hyphenation patterns for 78 languages loaded.
(/usr/local/texlive/2014/texmf-dist/tex/latex/base/article.cls
Document Class: article 2007/10/19 v1.4h Standard LaTeX document class
(/usr/local/texlive/2014/texmf-dist/tex/latex/base/size11.clo
File: size11.clo 2007/10/19 v1.4h Standard LaTeX file (size option)
)
\c@part=\count79
\c@section=\count80
\c@subsection=\count81
\c@subsubsection=\count82
\c@paragraph=\count83
\c@subparagraph=\count84
\c@figure=\count85
\c@table=\count86
\abovecaptionskip=\skip41
\belowcaptionskip=\skip42
\bibindent=\dimen102
)
(/usr/local/texlive/2014/texmf-dist/tex/latex/vmargin/vmargin.sty
Package: vmargin 2004/07/15 V2.5 set document margins (VK)

Package: vmargin 2004/07/15 V2.5 set document margins (VK)
\PaperWidth=\dimen103
\PaperHeight=\dimen104
) (/usr/local/texlive/2014/texmf-dist/tex/latex/graphics/epsfig.sty
Package: epsfig 1999/02/16 v1.7a (e)psfig emulation (SPQR)

(/usr/local/texlive/2014/texmf-dist/tex/latex/graphics/graphicx.sty
Package: graphicx 2014/04/25 v1.0g Enhanced LaTeX Graphics (DPC,SPQR)

(/usr/local/texlive/2014/texmf-dist/tex/latex/graphics/keyval.sty
Package: keyval 2014/05/08 v1.15 key=value parser (DPC)
\KV@toks@=\toks14
)
(/usr/local/texlive/2014/texmf-dist/tex/latex/graphics/graphics.sty
Package: graphics 2009/02/05 v1.0o Standard LaTeX Graphics (DPC,SPQR)

(/usr/local/texlive/2014/texmf-dist/tex/latex/graphics/trig.sty
Package: trig 1999/03/16 v1.09 sin cos tan (DPC)
)
(/usr/local/texlive/2014/texmf-dist/tex/latex/latexconfig/graphics.cfg
File: graphics.cfg 2010/04/23 v1.9 graphics configuration of TeX Live
)
Package graphics Info: Driver file: pdftex.def on input line 91.

(/usr/local/texlive/2014/texmf-dist/tex/latex/pdftex-def/pdftex.def
File: pdftex.def 2011/05/27 v0.06d Graphics/color for pdfTeX

(/usr/local/texlive/2014/texmf-dist/tex/generic/oberdiek/infwarerr.sty
Package: infwarerr 2010/04/08 v1.3 Providing info/warning/error messages (HO)
)
(/usr/local/texlive/2014/texmf-dist/tex/generic/oberdiek/ltxcmds.sty
Package: ltxcmds 2011/11/09 v1.22 LaTeX kernel commands for general use (HO)
)
\Gread@gobject=\count87
))
\Gin@req@height=\dimen105
\Gin@req@width=\dimen106
)
\epsfxsize=\dimen107
\epsfysize=\dimen108
)
(./Assignment1_Anirudh_Narasimhamurthy_u0941400.aux)
\openout1 = `Assignment1_Anirudh_Narasimhamurthy_u0941400.aux'.

LaTeX Font Info:    Checking defaults for OML/cmm/m/it on input line 12.
LaTeX Font Info:    ... okay on input line 12.
LaTeX Font Info:    Checking defaults for T1/cmr/m/n on input line 12.
LaTeX Font Info:    ... okay on input line 12.
LaTeX Font Info:    Checking defaults for OT1/cmr/m/n on input line 12.
LaTeX Font Info:    ... okay on input line 12.
LaTeX Font Info:    Checking defaults for OMS/cmsy/m/n on input line 12.
LaTeX Font Info:    ... okay on input line 12.
LaTeX Font Info:    Checking defaults for OMX/cmex/m/n on input line 12.
LaTeX Font Info:    ... okay on input line 12.
LaTeX Font Info:    Checking defaults for U/cmr/m/n on input line 12.
LaTeX Font Info:    ... okay on input line 12.

(/usr/local/texlive/2014/texmf-dist/tex/context/base/supp-pdf.mkii
[Loading MPS to PDF converter (version 2006.09.02).]
\scratchcounter=\count88
\scratchdimen=\dimen109
\scratchbox=\box26
\nofMPsegments=\count89
\nofMParguments=\count90
\everyMPshowfont=\toks15
\MPscratchCnt=\count91
\MPscratchDim=\dimen110
\MPnumerator=\count92
\makeMPintoPDFobject=\count93
\everyMPtoPDFconversion=\toks16
) (/usr/local/texlive/2014/texmf-dist/tex/generic/oberdiek/pdftexcmds.sty
Package: pdftexcmds 2011/11/29 v0.20 Utility functions of pdfTeX for LuaTeX (HO
)

(/usr/local/texlive/2014/texmf-dist/tex/generic/oberdiek/ifluatex.sty
Package: ifluatex 2010/03/01 v1.3 Provides the ifluatex switch (HO)
Package ifluatex Info: LuaTeX not detected.
)
(/usr/local/texlive/2014/texmf-dist/tex/generic/oberdiek/ifpdf.sty
Package: ifpdf 2011/01/30 v2.3 Provides the ifpdf switch (HO)
Package ifpdf Info: pdfTeX in PDF mode is detected.
)
Package pdftexcmds Info: LuaTeX not detected.
Package pdftexcmds Info: \pdf@primitive is available.
Package pdftexcmds Info: \pdf@ifprimitive is available.
Package pdftexcmds Info: \pdfdraftmode found.
)
(/usr/local/texlive/2014/texmf-dist/tex/latex/oberdiek/epstopdf-base.sty
Package: epstopdf-base 2010/02/09 v2.5 Base part for package epstopdf

(/usr/local/texlive/2014/texmf-dist/tex/latex/oberdiek/grfext.sty
Package: grfext 2010/08/19 v1.1 Manage graphics extensions (HO)

(/usr/local/texlive/2014/texmf-dist/tex/generic/oberdiek/kvdefinekeys.sty
Package: kvdefinekeys 2011/04/07 v1.3 Define keys (HO)
))
(/usr/local/texlive/2014/texmf-dist/tex/latex/oberdiek/kvoptions.sty
Package: kvoptions 2011/06/30 v3.11 Key value format for package options (HO)

(/usr/local/texlive/2014/texmf-dist/tex/generic/oberdiek/kvsetkeys.sty
Package: kvsetkeys 2012/04/25 v1.16 Key value parser (HO)

(/usr/local/texlive/2014/texmf-dist/tex/generic/oberdiek/etexcmds.sty
Package: etexcmds 2011/02/16 v1.5 Avoid name clashes with e-TeX commands (HO)
Package etexcmds Info: Could not find \expanded.
(etexcmds)             That can mean that you are not using pdfTeX 1.50 or
(etexcmds)             that some package has redefined \expanded.
(etexcmds)             In the latter case, load this package earlier.
)))
Package grfext Info: Graphics extension search list:
(grfext)             [.png,.pdf,.jpg,.mps,.jpeg,.jbig2,.jb2,.PNG,.PDF,.JPG,.JPE
G,.JBIG2,.JB2,.eps]
(grfext)             \AppendGraphicsExtensions on input line 452.

(/usr/local/texlive/2014/texmf-dist/tex/latex/latexconfig/epstopdf-sys.cfg
File: epstopdf-sys.cfg 2010/07/13 v1.3 Configuration of (r)epstopdf for TeX Liv
e
))
Overfull \hbox (7.53642pt too wide) in paragraph at lines 30--32
\OT1/cmr/bx/n/10.95 Solution: \OT1/cmr/m/n/10.95 Dan/\OT1/cmr/m/sc/10.95 noun \
OT1/cmr/m/n/10.95 slid/\OT1/cmr/m/sc/10.95 verb \OT1/cmr/m/n/10.95 side-ways/\O
T1/cmr/m/sc/10.95 adv \OT1/cmr/m/n/10.95 down/\OT1/cmr/m/sc/10.95 prep \OT1/cmr
/m/n/10.95 the/\OT1/cmr/m/sc/10.95 art \OT1/cmr/m/n/10.95 hill/\OT1/cmr/m/sc/10
.95 noun \OT1/cmr/m/n/10.95 and/\OT1/cmr/m/sc/10.95 conj
 []


Underfull \hbox (badness 10000) in paragraph at lines 30--32

 []


Underfull \hbox (badness 10000) in paragraph at lines 33--35

 []


Overfull \hbox (3.38153pt too wide) in paragraph at lines 37--40
\OT1/cmr/bx/n/10.95 Solution: \OT1/cmr/m/n/10.95 My/\OT1/cmr/m/sc/10.95 posspro
 \OT1/cmr/m/n/10.95 brother/\OT1/cmr/m/sc/10.95 noun \OT1/cmr/m/n/10.95 did/\OT
1/cmr/m/sc/10.95 verb \OT1/cmr/m/n/10.95 not/\OT1/cmr/m/sc/10.95 adv \OT1/cmr/m
/n/10.95 plan/\OT1/cmr/m/sc/10.95 verb \OT1/cmr/m/n/10.95 to/\OT1/cmr/m/sc/10.9
5 inf \OT1/cmr/m/n/10.95 take/\OT1/cmr/m/sc/10.95 verb
 []


Underfull \hbox (badness 10000) in paragraph at lines 37--40

 []


Underfull \hbox (badness 10000) in paragraph at lines 42--44

 []


Overfull \hbox (7.22627pt too wide) in paragraph at lines 46--48
\OT1/cmr/bx/n/10.95 Solution: \OT1/cmr/m/n/10.95 Mary/\OT1/cmr/m/sc/10.95 noun 
\OT1/cmr/m/n/10.95 ran/\OT1/cmr/m/sc/10.95 verb \OT1/cmr/m/n/10.95 in-side/\OT1
/cmr/m/sc/10.95 prep \OT1/cmr/m/n/10.95 af-ter/\OT1/cmr/m/sc/10.95 conj \OT1/cm
r/m/n/10.95 rain/\OT1/cmr/m/sc/10.95 noun \OT1/cmr/m/n/10.95 be-gan/\OT1/cmr/m/
sc/10.95 verb \OT1/cmr/m/n/10.95 to/\OT1/cmr/m/sc/10.95 inf
 []


Underfull \hbox (badness 10000) in paragraph at lines 46--48

 []


Overfull \hbox (9.48314pt too wide) in paragraph at lines 50--52
\OT1/cmr/bx/n/10.95 Solution: \OT1/cmr/m/n/10.95 The/\OT1/cmr/m/sc/10.95 art \O
T1/cmr/m/n/10.95 armed/\OT1/cmr/m/sc/10.95 adj \OT1/cmr/m/n/10.95 man/\OT1/cmr/
m/sc/10.95 noun \OT1/cmr/m/n/10.95 took/\OT1/cmr/m/sc/10.95 verb \OT1/cmr/m/n/1
0.95 off/\OT1/cmr/m/sc/10.95 part \OT1/cmr/m/n/10.95 when/\OT1/cmr/m/sc/10.95 c
onj \OT1/cmr/m/n/10.95 po-lice/\OT1/cmr/m/sc/10.95 noun
 []


Underfull \hbox (badness 10000) in paragraph at lines 50--52

 []


Overfull \hbox (22.93324pt too wide) in paragraph at lines 54--56
\OT1/cmr/bx/n/10.95 Solution: \OT1/cmr/m/n/10.95 The/\OT1/cmr/m/sc/10.95 art \O
T1/cmr/m/n/10.95 kit-tens/\OT1/cmr/m/sc/10.95 noun \OT1/cmr/m/n/10.95 sleep-ing
/\OT1/cmr/m/sc/10.95 verb \OT1/cmr/m/n/10.95 in/\OT1/cmr/m/sc/10.95 prep \OT1/c
mr/m/n/10.95 her/\OT1/cmr/m/sc/10.95 posspro \OT1/cmr/m/n/10.95 lap/\OT1/cmr/m/
sc/10.95 noun \OT1/cmr/m/n/10.95 are/\OT1/cmr/m/sc/10.95 verb
 []


Underfull \hbox (badness 10000) in paragraph at lines 54--56

 []


Overfull \hbox (20.53665pt too wide) in paragraph at lines 57--59
\OT1/cmr/bx/n/10.95 Solution: \OT1/cmr/m/n/10.95 She/\OT1/cmr/m/sc/10.95 perpro
 \OT1/cmr/m/n/10.95 just/\OT1/cmr/m/sc/10.95 adv \OT1/cmr/m/n/10.95 com-pleted/
\OT1/cmr/m/sc/10.95 verb \OT1/cmr/m/n/10.95 a/\OT1/cmr/m/sc/10.95 noun \OT1/cmr
/m/n/10.95 singing/\OT1/cmr/m/sc/10.95 ger \OT1/cmr/m/n/10.95 com-pe-ti-tion/\O
T1/cmr/m/sc/10.95 noun\OT1/cmr/m/n/10.95 ,
 []


Underfull \hbox (badness 10000) in paragraph at lines 57--59

 []

[1

{/usr/local/texlive/2014/texmf-var/fonts/map/pdftex/updmap/pdftex.map}]
LaTeX Font Info:    External font `cmex10' loaded for size
(Font)              <10.95> on input line 69.
LaTeX Font Info:    External font `cmex10' loaded for size
(Font)              <8> on input line 69.
LaTeX Font Info:    External font `cmex10' loaded for size
(Font)              <6> on input line 69.

Underfull \hbox (badness 10000) in paragraph at lines 73--75

 []


Underfull \hbox (badness 10000) in paragraph at lines 76--78

 []


Underfull \hbox (badness 10000) in paragraph at lines 79--81

 []


Underfull \hbox (badness 10000) in paragraph at lines 82--84

 []


Underfull \hbox (badness 10000) in paragraph at lines 85--87

 []


Underfull \hbox (badness 10000) in paragraph at lines 88--90

 []


Underfull \hbox (badness 10000) in paragraph at lines 91--93

 []


Underfull \hbox (badness 10000) in paragraph at lines 94--96

 []


Underfull \hbox (badness 10000) in paragraph at lines 97--99

 []


Underfull \hbox (badness 10000) in paragraph at lines 100--102

 []

[2]
Underfull \hbox (badness 10000) in paragraph at lines 113--115

 []


Underfull \hbox (badness 10000) in paragraph at lines 116--118

 []


Underfull \hbox (badness 10000) in paragraph at lines 119--121

 []


Underfull \hbox (badness 10000) in paragraph at lines 122--124

 []


Underfull \hbox (badness 10000) in paragraph at lines 125--127

 []


Underfull \hbox (badness 10000) in paragraph at lines 128--130

 []


Underfull \hbox (badness 10000) in paragraph at lines 131--133

 []


Underfull \hbox (badness 10000) in paragraph at lines 134--136

 []


Underfull \hbox (badness 10000) in paragraph at lines 137--139

 []


Underfull \hbox (badness 10000) in paragraph at lines 140--142

 []

[3]
Underfull \hbox (badness 10000) in paragraph at lines 175--177

 []


Underfull \hbox (badness 10000) in paragraph at lines 178--180

 []


Underfull \hbox (badness 10000) in paragraph at lines 181--183

 []


Underfull \hbox (badness 10000) in paragraph at lines 184--186

 []


Underfull \hbox (badness 10000) in paragraph at lines 187--189

 []


Underfull \hbox (badness 10000) in paragraph at lines 190--192

 []


Underfull \hbox (badness 10000) in paragraph at lines 193--195

 []


Underfull \hbox (badness 10000) in paragraph at lines 196--198

 []


Underfull \hbox (badness 10000) in paragraph at lines 199--201

 []


Underfull \hbox (badness 10000) in paragraph at lines 202--204

 []

[4]
Underfull \hbox (badness 10000) in paragraph at lines 208--209

 []


Underfull \hbox (badness 10000) in paragraph at lines 227--230

 []


Underfull \hbox (badness 10000) in paragraph at lines 233--235

 []


Underfull \hbox (badness 10000) in paragraph at lines 236--238

 []


Underfull \hbox (badness 10000) in paragraph at lines 239--241

 []


Underfull \hbox (badness 10000) in paragraph at lines 242--244

 []


Underfull \hbox (badness 10000) in paragraph at lines 245--247

 []


Underfull \hbox (badness 10000) in paragraph at lines 248--250

 []


Underfull \hbox (badness 10000) in paragraph at lines 251--253

 []


Underfull \hbox (badness 10000) in paragraph at lines 254--256

 []

[5]
Underfull \hbox (badness 10000) in paragraph at lines 262--264

 []

[6] (./Assignment1_Anirudh_Narasimhamurthy_u0941400.aux) ) 
Here is how much of TeX's memory you used:
 1590 strings out of 493117
 23049 string characters out of 6135433
 86203 words of memory out of 5000000
 5057 multiletter control sequences out of 15000+600000
 7939 words of font info for 28 fonts, out of 8000000 for 9000
 1141 hyphenation exceptions out of 8191
 37i,7n,23p,339b,254s stack positions out of 5000i,500n,10000p,200000b,80000s
</usr/local/texlive/2
014/texmf-dist/fonts/type1/public/amsfonts/cm/cmbx10.pfb></usr/local/texlive/20
14/texmf-dist/fonts/type1/public/amsfonts/cm/cmbx12.pfb></usr/local/texlive/201
4/texmf-dist/fonts/type1/public/amsfonts/cm/cmcsc10.pfb></usr/local/texlive/201
4/texmf-dist/fonts/type1/public/amsfonts/cm/cmr10.pfb></usr/local/texlive/2014/
texmf-dist/fonts/type1/public/amsfonts/cm/cmti10.pfb>
Output written on Assignment1_Anirudh_Narasimhamurthy_u0941400.pdf (6 pages, 85
981 bytes).
PDF statistics:
 43 PDF objects out of 1000 (max. 8388607)
 29 compressed objects within 1 object stream
 0 named destinations out of 1000 (max. 500000)
 1 words of extra memory for PDF output out of 10000 (max. 10000000)

