This is pdfTeX, Version 3.14159265-2.6-1.40.15 (TeX Live 2014) (preloaded format=latex 2014.5.25)  30 SEP 2015 19:52
entering extended mode
 restricted \write18 enabled.
 file:line:error style messages enabled.
 %&-line parsing enabled.
**written2-skel.tex
(./written2-skel.tex
LaTeX2e <2014/05/01>
Babel <3.9k> and hyphenation patterns for 78 languages loaded.
(/usr/local/texlive/2014/texmf-dist/tex/latex/base/article.cls
Document Class: article 2007/10/19 v1.4h Standard LaTeX document class
(/usr/local/texlive/2014/texmf-dist/tex/latex/base/size11.clo
File: size11.clo 2007/10/19 v1.4h Standard LaTeX file (size option)
)
\c@part=\count79
\c@section=\count80
\c@subsection=\count81
\c@subsubsection=\count82
\c@paragraph=\count83
\c@subparagraph=\count84
\c@figure=\count85
\c@table=\count86
\abovecaptionskip=\skip41
\belowcaptionskip=\skip42
\bibindent=\dimen102
)
(/usr/local/texlive/2014/texmf-dist/tex/latex/vmargin/vmargin.sty
Package: vmargin 2004/07/15 V2.5 set document margins (VK)

Package: vmargin 2004/07/15 V2.5 set document margins (VK)
\PaperWidth=\dimen103
\PaperHeight=\dimen104
) (/usr/local/texlive/2014/texmf-dist/tex/latex/graphics/epsfig.sty
Package: epsfig 1999/02/16 v1.7a (e)psfig emulation (SPQR)

(/usr/local/texlive/2014/texmf-dist/tex/latex/graphics/graphicx.sty
Package: graphicx 2014/04/25 v1.0g Enhanced LaTeX Graphics (DPC,SPQR)

(/usr/local/texlive/2014/texmf-dist/tex/latex/graphics/keyval.sty
Package: keyval 2014/05/08 v1.15 key=value parser (DPC)
\KV@toks@=\toks14
)
(/usr/local/texlive/2014/texmf-dist/tex/latex/graphics/graphics.sty
Package: graphics 2009/02/05 v1.0o Standard LaTeX Graphics (DPC,SPQR)

(/usr/local/texlive/2014/texmf-dist/tex/latex/graphics/trig.sty
Package: trig 1999/03/16 v1.09 sin cos tan (DPC)
)
(/usr/local/texlive/2014/texmf-dist/tex/latex/latexconfig/graphics.cfg
File: graphics.cfg 2010/04/23 v1.9 graphics configuration of TeX Live
)
Package graphics Info: Driver file: dvips.def on input line 91.

(/usr/local/texlive/2014/texmf-dist/tex/latex/graphics/dvips.def
File: dvips.def 2014/04/23 v3.0j Driver-dependant file (DPC,SPQR)
))
\Gin@req@height=\dimen105
\Gin@req@width=\dimen106
)
\epsfxsize=\dimen107
\epsfysize=\dimen108
)
(./written2-skel.aux)
\openout1 = `written2-skel.aux'.

LaTeX Font Info:    Checking defaults for OML/cmm/m/it on input line 12.
LaTeX Font Info:    ... okay on input line 12.
LaTeX Font Info:    Checking defaults for T1/cmr/m/n on input line 12.
LaTeX Font Info:    ... okay on input line 12.
LaTeX Font Info:    Checking defaults for OT1/cmr/m/n on input line 12.
LaTeX Font Info:    ... okay on input line 12.
LaTeX Font Info:    Checking defaults for OMS/cmsy/m/n on input line 12.
LaTeX Font Info:    ... okay on input line 12.
LaTeX Font Info:    Checking defaults for OMX/cmex/m/n on input line 12.
LaTeX Font Info:    ... okay on input line 12.
LaTeX Font Info:    Checking defaults for U/cmr/m/n on input line 12.
LaTeX Font Info:    ... okay on input line 12.

Underfull \hbox (badness 10000) in paragraph at lines 23--26

 []

File: rtn3.eps Graphic file (type eps)
<rtn3.eps>
LaTeX Font Info:    External font `cmex10' loaded for size
(Font)              <10.95> on input line 35.
LaTeX Font Info:    External font `cmex10' loaded for size
(Font)              <8> on input line 35.
LaTeX Font Info:    External font `cmex10' loaded for size
(Font)              <6> on input line 35.

Underfull \hbox (badness 10000) in paragraph at lines 35--37

 []

File: rtn1.eps Graphic file (type eps)
<rtn1.eps>
Underfull \hbox (badness 10000) in paragraph at lines 44--52

 []


Underfull \hbox (badness 10000) in paragraph at lines 55--61

 []

[1

]
File: rtn2.eps Graphic file (type eps)
 <rtn2.eps>
Underfull \hbox (badness 10000) in paragraph at lines 69--72

 []


Underfull \hbox (badness 10000) in paragraph at lines 103--108

 []

[2]
Overfull \hbox (2.45955pt too wide) in paragraph at lines 155--157
[]\OT1/cmtt/m/n/10.95 whether the weather is warm , whether the weather is hot 
, we have to
 []

LaTeX Font Info:    Try loading font information for OMS+cmr on input line 168.

(/usr/local/texlive/2014/texmf-dist/tex/latex/base/omscmr.fd
File: omscmr.fd 1999/05/25 v2.5h Standard LaTeX font definitions
)
LaTeX Font Info:    Font shape `OMS/cmr/m/n' in size <10.95> not available
(Font)              Font shape `OMS/cmsy/m/n' tried instead on input line 168.

Underfull \hbox (badness 10000) in paragraph at lines 168--169

 []


Underfull \hbox (badness 10000) in paragraph at lines 170--171

 []


Underfull \hbox (badness 10000) in paragraph at lines 172--173

 []


Underfull \hbox (badness 10000) in paragraph at lines 174--175

 []


Underfull \hbox (badness 10000) in paragraph at lines 176--177

 []


Underfull \hbox (badness 10000) in paragraph at lines 178--179

 []

[3]
Underfull \hbox (badness 10000) in paragraph at lines 180--181

 []


Underfull \hbox (badness 10000) in paragraph at lines 182--183

 []


Overfull \hbox (11.76637pt too wide) in paragraph at lines 193--195
\OT1/cmtt/m/n/10.95 John Smith planned to fish for silver trout and char but he
 forgot to bring the
 []


Overfull \hbox (34.76112pt too wide) in paragraph at lines 198--200
[]\OT1/cmtt/m/n/10.95 John/NOUN Smith/NOUN planned/VERB to/PREP fish/NOUN for/P
REP silver/NOUN trout/NOUN
 []


Overfull \hbox (46.2585pt too wide) in paragraph at lines 198--200
\OT1/cmtt/m/n/10.95 and/CONJ char/VERB but/CONJ he/PRO forgot/VERB to/INF bring
/VERB the/ART fishing/VERB
 []


Overfull \hbox (23.26375pt too wide) in paragraph at lines 203--206
[]\OT1/cmtt/m/n/10.95 John/NOUN Smith/NOUN planned/VERB to/INF fish/VERB for/PR
EP silver/ADJ trout/NOUN
 []


Overfull \hbox (40.50981pt too wide) in paragraph at lines 203--206
\OT1/cmtt/m/n/10.95 and/CONJ char/NOUN but/CONJ he/PRO forgot/VERB to/INF bring
/VERB the/ART fishing/GER
 []


Underfull \hbox (badness 10000) in paragraph at lines 203--206

 []

[4]
Underfull \hbox (badness 10000) in paragraph at lines 271--273

 []


Underfull \hbox (badness 10000) in paragraph at lines 274--275

 []


Underfull \hbox (badness 10000) in paragraph at lines 276--277

 []


Overfull \hbox (56.96635pt too wide) in paragraph at lines 278--281
\OT1/cmr/m/n/10.95 P(saying$\OMS/cmsy/m/n/10.95 j$\OT1/cmr/m/n/10.95 NOUN)] * [
P(VERB$\OMS/cmsy/m/n/10.95 j$\OT1/cmr/m/n/10.95 NOUN) * P(proves$\OMS/cmsy/m/n/
10.95 j$\OT1/cmr/m/n/10.95 VERB)] * [P(NOUN$\OMS/cmsy/m/n/10.95 j$\OT1/cmr/m/n/
10.95 VERB) * P(nothing$\OMS/cmsy/m/n/10.95 j$\OT1/cmr/m/n/10.95 NOUN)] 
 []


Underfull \hbox (badness 10000) in paragraph at lines 278--281

 []


Underfull \hbox (badness 10000) in paragraph at lines 282--285

 []


Underfull \hbox (badness 10000) in paragraph at lines 286--287

 []


Overfull \hbox (48.6017pt too wide) in paragraph at lines 288--289
\OT1/cmr/m/n/10.95 ART, ADJ) * P(saying$\OMS/cmsy/m/n/10.95 j$\OT1/cmr/m/n/10.9
5 NOUN)] * [P(VERB$\OMS/cmsy/m/n/10.95 j$\OT1/cmr/m/n/10.95 ADJ, NOUN) * P(prov
es$\OMS/cmsy/m/n/10.95 j$\OT1/cmr/m/n/10.95 VERB)] * [P(NOUN$\OMS/cmsy/m/n/10.9
5 j$\OT1/cmr/m/n/10.95 NOUN,
 []


Underfull \hbox (badness 10000) in paragraph at lines 291--292

 []

[5]
Underfull \hbox (badness 10000) in paragraph at lines 322--327

 []

[6] (./written2-skel.aux) ) 
Here is how much of TeX's memory you used:
 669 strings out of 493118
 8265 string characters out of 6135459
 67012 words of memory out of 5000000
 4175 multiletter control sequences out of 15000+600000
 7806 words of font info for 28 fonts, out of 8000000 for 9000
 1141 hyphenation exceptions out of 8191
 32i,7n,21p,242b,266s stack positions out of 5000i,500n,10000p,200000b,80000s

Output written on written2-skel.dvi (6 pages, 14372 bytes).
